
> frontend@0.1.0 build
> next build

▲ Next.js 16.1.7 (Turbopack)
- Environments: .env.local

  Creating an optimized production build ...
✓ Compiled successfully in 1542.3ms
  Running TypeScript ...
  Collecting page data using 31 workers ...
  Generating static pages using 31 workers (0/11) ...
  Generating static pages using 31 workers (2/11) 
  Generating static pages using 31 workers (5/11) 
  Generating static pages using 31 workers (8/11) 
✓ Generating static pages using 31 workers (11/11) in 363.0ms
  Finalizing page optimization ...

Route (app)
┌ ○ /
├ ○ /_not-found
├ ● /[edition]
│ ├ /world
│ ├ /us
│ └ /india
├ ○ /paper
├ ● /paper/[edition]
│ ├ /paper/us
│ └ /paper/india
└ ○ /sources


○  (Static)  prerendered as static content
●  (SSG)     prerendered as static HTML (uses generateStaticParams)

