[      60ms] [ERROR] The Content Security Policy directive 'frame-ancestors' is ignored when delivered via a <meta> element. @ http://localhost:3456/void--news/:0
[      73ms] [WARNING] Manifest: Enctype should be set to either application/x-www-form-urlencoded or multipart/form-data. It currently defaults to application/x-www-form-urlencoded @ http://localhost:3456/void--news/manifest.json:0
[     176ms] [INFO] %cDownload the React DevTools for a better development experience: https://react.dev/link/react-devtools font-weight:bold @ http://localhost:3456/void--news/_next/static/chunks/node_modules_next_dist_115brz8._.js:2431
[     247ms] [LOG] [HMR] connected @ http://localhost:3456/void--news/_next/static/chunks/node_modules_next_dist_115brz8._.js:2431
[     308ms] [WARNING] Error while trying to use the following icon from the Manifest: http://localhost:3456/void--news/icon.svg (Download error or resource isn't a valid image) @ http://localhost:3456/void--news/:0
[   12036ms] [LOG] [Fast Refresh] rebuilding @ http://localhost:3456/void--news/_next/static/chunks/node_modules_next_dist_115brz8._.js:2431
[   12289ms] [LOG] [Fast Refresh] done in 353ms @ http://localhost:3456/void--news/_next/static/chunks/node_modules_next_dist_115brz8._.js:2431
[   24850ms] [LOG] [Fast Refresh] rebuilding @ http://localhost:3456/void--news/_next/static/chunks/node_modules_next_dist_115brz8._.js:2431
[   25127ms] [LOG] [Fast Refresh] done in 378ms @ http://localhost:3456/void--news/_next/static/chunks/node_modules_next_dist_115brz8._.js:2431
[   40478ms] [LOG] [Fast Refresh] rebuilding @ http://localhost:3456/void--news/_next/static/chunks/node_modules_next_dist_115brz8._.js:2431
[   40709ms] [LOG] [Fast Refresh] done in 331ms @ http://localhost:3456/void--news/_next/static/chunks/node_modules_next_dist_115brz8._.js:2431
[   57872ms] [LOG] [Fast Refresh] rebuilding @ http://localhost:3456/void--news/_next/static/chunks/node_modules_next_dist_115brz8._.js:2431
[   58128ms] [LOG] [Fast Refresh] done in 357ms @ http://localhost:3456/void--news/_next/static/chunks/node_modules_next_dist_115brz8._.js:2431
[   64220ms] [LOG] [Fast Refresh] rebuilding @ http://localhost:3456/void--news/_next/static/chunks/node_modules_next_dist_115brz8._.js:2431
[   64760ms] [LOG] [Fast Refresh] done in 641ms @ http://localhost:3456/void--news/_next/static/chunks/node_modules_next_dist_115brz8._.js:2431
[   70034ms] [LOG] [Fast Refresh] rebuilding @ http://localhost:3456/void--news/_next/static/chunks/node_modules_next_dist_115brz8._.js:2431
[   70301ms] [LOG] [Fast Refresh] done in 367ms @ http://localhost:3456/void--news/_next/static/chunks/node_modules_next_dist_115brz8._.js:2431
[   77395ms] [LOG] [Fast Refresh] rebuilding @ http://localhost:3456/void--news/_next/static/chunks/node_modules_next_dist_115brz8._.js:2431
[   77692ms] [LOG] [Fast Refresh] done in 398ms @ http://localhost:3456/void--news/_next/static/chunks/node_modules_next_dist_115brz8._.js:2431
[   84564ms] [LOG] [Fast Refresh] rebuilding @ http://localhost:3456/void--news/_next/static/chunks/node_modules_next_dist_115brz8._.js:2431
[   84855ms] [LOG] [Fast Refresh] done in 391ms @ http://localhost:3456/void--news/_next/static/chunks/node_modules_next_dist_115brz8._.js:2431
[   97418ms] [LOG] [Fast Refresh] rebuilding @ http://localhost:3456/void--news/_next/static/chunks/node_modules_next_dist_115brz8._.js:2431
[   97673ms] [LOG] [Fast Refresh] done in 354ms @ http://localhost:3456/void--news/_next/static/chunks/node_modules_next_dist_115brz8._.js:2431
[  101241ms] [LOG] [Fast Refresh] rebuilding @ http://localhost:3456/void--news/_next/static/chunks/node_modules_next_dist_115brz8._.js:2431
[  101522ms] [LOG] [Fast Refresh] done in 381ms @ http://localhost:3456/void--news/_next/static/chunks/node_modules_next_dist_115brz8._.js:2431
[  106376ms] [LOG] [Fast Refresh] rebuilding @ http://localhost:3456/void--news/_next/static/chunks/node_modules_next_dist_115brz8._.js:2431
[  106634ms] [LOG] [Fast Refresh] done in 359ms @ http://localhost:3456/void--news/_next/static/chunks/node_modules_next_dist_115brz8._.js:2431
[  114418ms] [LOG] [Fast Refresh] rebuilding @ http://localhost:3456/void--news/_next/static/chunks/node_modules_next_dist_115brz8._.js:2431
[  114670ms] [LOG] [Fast Refresh] done in 352ms @ http://localhost:3456/void--news/_next/static/chunks/node_modules_next_dist_115brz8._.js:2431
[  118138ms] [LOG] [Fast Refresh] rebuilding @ http://localhost:3456/void--news/_next/static/chunks/node_modules_next_dist_115brz8._.js:2431
[  118480ms] [LOG] [Fast Refresh] done in 442ms @ http://localhost:3456/void--news/_next/static/chunks/node_modules_next_dist_115brz8._.js:2431
