[      53ms] [ERROR] The Content Security Policy directive 'frame-ancestors' is ignored when delivered via a <meta> element. @ http://localhost:3456/void--news/:0
[      71ms] [WARNING] Manifest: Enctype should be set to either application/x-www-form-urlencoded or multipart/form-data. It currently defaults to application/x-www-form-urlencoded @ http://localhost:3456/void--news/manifest.json:0
[     102ms] [INFO] %cDownload the React DevTools for a better development experience: https://react.dev/link/react-devtools font-weight:bold @ http://localhost:3456/void--news/_next/static/chunks/node_modules_next_dist_115brz8._.js:2431
[     116ms] [LOG] [HMR] connected @ http://localhost:3456/void--news/_next/static/chunks/node_modules_next_dist_115brz8._.js:2431
[     166ms] [WARNING] Error while trying to use the following icon from the Manifest: http://localhost:3456/void--news/icon.svg (Download error or resource isn't a valid image) @ http://localhost:3456/void--news/:0
[   24476ms] [ERROR] Failed to load resource: the server responded with a status of 500 () @ https://xryzskhgfuafyotrcdvj.supabase.co/rest/v1/story_clusters?select=id%2Ctitle%2Csummary%2Ccategory%2Csection%2Csections%2Cimportance_score%2Csource_count%2Cfirst_published%2Clast_updated%2Cdivergence_score%2Cheadline_rank%2Ccoverage_velocity%2Cbias_diversity%2Cconsensus_points%2Cdivergence_points%2Crank_world%2Crank_us%2Crank_europe%2Crank_south_asia%2Cclaim_consensus%2Ccached_image_url&sections=cs.%7Bworld%7D&order=rank_world.desc&limit=80:0
[ 1464839ms] [LOG] [Fast Refresh] rebuilding @ http://localhost:3456/void--news/_next/static/chunks/node_modules_next_dist_115brz8._.js:2431
[ 1464865ms] [LOG] [Fast Refresh] done in 25ms @ http://localhost:3456/void--news/_next/static/chunks/node_modules_next_dist_115brz8._.js:2431
[ 1479320ms] [LOG] [Fast Refresh] rebuilding @ http://localhost:3456/void--news/_next/static/chunks/node_modules_next_dist_115brz8._.js:2431
[ 1479346ms] [LOG] [Fast Refresh] done in 20ms @ http://localhost:3456/void--news/_next/static/chunks/node_modules_next_dist_115brz8._.js:2431
[ 1571779ms] [LOG] [Fast Refresh] rebuilding @ http://localhost:3456/void--news/_next/static/chunks/node_modules_next_dist_115brz8._.js:2431
[ 1572054ms] [ERROR] Encountered a script tag while rendering React component. Scripts inside React components are never executed when rendering on the client. Consider using template tag instead (https://developer.mozilla.org/en-US/docs/Web/HTML/Element/template). @ http://localhost:3456/void--news/_next/static/chunks/node_modules_next_dist_115brz8._.js:3272
[ 1572073ms] [LOG] [Fast Refresh] done in 37ms @ http://localhost:3456/void--news/_next/static/chunks/node_modules_next_dist_115brz8._.js:2431
[ 1572082ms] [ERROR] X-Frame-Options may only be set via an HTTP header sent along with a document. It may not be set inside <meta>. @ http://localhost:3456/void--news/_next/static/chunks/node_modules_next_dist_compiled_react-dom_058-ah~._.js:1377
[ 1572083ms] [ERROR] X-Frame-Options may only be set via an HTTP header sent along with a document. It may not be set inside <meta>. @ http://localhost:3456/void--news/_next/static/chunks/node_modules_next_dist_compiled_react-dom_058-ah~._.js:1377
[ 1572097ms] [WARNING] Manifest: Enctype should be set to either application/x-www-form-urlencoded or multipart/form-data. It currently defaults to application/x-www-form-urlencoded @ http://localhost:3456/void--news/manifest.json:0
[ 1572107ms] [WARNING] Error while trying to use the following icon from the Manifest: http://localhost:3456/void--news/icon.svg (Download error or resource isn't a valid image) @ http://localhost:3456/void--news/:0
[ 1660089ms] [LOG] [Fast Refresh] rebuilding @ http://localhost:3456/void--news/_next/static/chunks/node_modules_next_dist_115brz8._.js:2431
[ 1660123ms] [LOG] [Fast Refresh] done in 59ms @ http://localhost:3456/void--news/_next/static/chunks/node_modules_next_dist_115brz8._.js:2431
[ 1679605ms] [LOG] [Fast Refresh] rebuilding @ http://localhost:3456/void--news/_next/static/chunks/node_modules_next_dist_115brz8._.js:2431
[ 1679648ms] [LOG] [Fast Refresh] done in 63ms @ http://localhost:3456/void--news/_next/static/chunks/node_modules_next_dist_115brz8._.js:2431
[ 1686233ms] [LOG] [Fast Refresh] rebuilding @ http://localhost:3456/void--news/_next/static/chunks/node_modules_next_dist_115brz8._.js:2431
[ 1686261ms] [LOG] [Fast Refresh] done in 39ms @ http://localhost:3456/void--news/_next/static/chunks/node_modules_next_dist_115brz8._.js:2431
[ 1711068ms] [LOG] [Fast Refresh] rebuilding @ http://localhost:3456/void--news/_next/static/chunks/node_modules_next_dist_115brz8._.js:2431
[ 1711102ms] [LOG] [Fast Refresh] done in 19ms @ http://localhost:3456/void--news/_next/static/chunks/node_modules_next_dist_115brz8._.js:2431
[ 1725555ms] [LOG] [Fast Refresh] rebuilding @ http://localhost:3456/void--news/_next/static/chunks/node_modules_next_dist_115brz8._.js:2431
[ 1725585ms] [LOG] [Fast Refresh] done in 26ms @ http://localhost:3456/void--news/_next/static/chunks/node_modules_next_dist_115brz8._.js:2431
[ 1730188ms] [LOG] [Fast Refresh] rebuilding @ http://localhost:3456/void--news/_next/static/chunks/node_modules_next_dist_115brz8._.js:2431
[ 1730218ms] [LOG] [Fast Refresh] done in 25ms @ http://localhost:3456/void--news/_next/static/chunks/node_modules_next_dist_115brz8._.js:2431
[ 1737983ms] [LOG] [Fast Refresh] rebuilding @ http://localhost:3456/void--news/_next/static/chunks/node_modules_next_dist_115brz8._.js:2431
[ 1738008ms] [LOG] [Fast Refresh] done in 17ms @ http://localhost:3456/void--news/_next/static/chunks/node_modules_next_dist_115brz8._.js:2431
[ 1746074ms] [LOG] [Fast Refresh] rebuilding @ http://localhost:3456/void--news/_next/static/chunks/node_modules_next_dist_115brz8._.js:2431
[ 1746096ms] [LOG] [Fast Refresh] done in 34ms @ http://localhost:3456/void--news/_next/static/chunks/node_modules_next_dist_115brz8._.js:2431
[ 8118977ms] [LOG] [Fast Refresh] rebuilding @ http://localhost:3456/void--news/_next/static/chunks/node_modules_next_dist_115brz8._.js:2431
[ 8118995ms] [LOG] [Fast Refresh] done in 118ms @ http://localhost:3456/void--news/_next/static/chunks/node_modules_next_dist_115brz8._.js:2431
[ 8458714ms] [LOG] [Fast Refresh] rebuilding @ http://localhost:3456/void--news/_next/static/chunks/node_modules_next_dist_115brz8._.js:2431
[ 8458775ms] [LOG] [Fast Refresh] done in 114ms @ http://localhost:3456/void--news/_next/static/chunks/node_modules_next_dist_115brz8._.js:2431
[ 8510853ms] [LOG] [Fast Refresh] rebuilding @ http://localhost:3456/void--news/_next/static/chunks/node_modules_next_dist_115brz8._.js:2431
[ 8510906ms] [LOG] [Fast Refresh] done in 122ms @ http://localhost:3456/void--news/_next/static/chunks/node_modules_next_dist_115brz8._.js:2431
[ 8512369ms] [LOG] [Fast Refresh] rebuilding @ http://localhost:3456/void--news/_next/static/chunks/node_modules_next_dist_115brz8._.js:2431
[ 8512406ms] [LOG] [Fast Refresh] done in 64ms @ http://localhost:3456/void--news/_next/static/chunks/node_modules_next_dist_115brz8._.js:2431
[ 8522794ms] [LOG] [Fast Refresh] rebuilding @ http://localhost:3456/void--news/_next/static/chunks/node_modules_next_dist_115brz8._.js:2431
[ 8522835ms] [LOG] [Fast Refresh] done in 76ms @ http://localhost:3456/void--news/_next/static/chunks/node_modules_next_dist_115brz8._.js:2431
[ 8778524ms] [LOG] [Fast Refresh] rebuilding @ http://localhost:3456/void--news/_next/static/chunks/node_modules_next_dist_115brz8._.js:2431
[ 8778585ms] [LOG] [Fast Refresh] done in 57ms @ http://localhost:3456/void--news/_next/static/chunks/node_modules_next_dist_115brz8._.js:2431
[ 9020472ms] [LOG] [Fast Refresh] rebuilding @ http://localhost:3456/void--news/_next/static/chunks/node_modules_next_dist_115brz8._.js:2431
[ 9020507ms] [LOG] [Fast Refresh] done in 37ms @ http://localhost:3456/void--news/_next/static/chunks/node_modules_next_dist_115brz8._.js:2431
[ 9243805ms] [LOG] [Fast Refresh] rebuilding @ http://localhost:3456/void--news/_next/static/chunks/node_modules_next_dist_115brz8._.js:2431
[ 9243834ms] [LOG] [Fast Refresh] done in 72ms @ http://localhost:3456/void--news/_next/static/chunks/node_modules_next_dist_115brz8._.js:2431
[ 9470501ms] [LOG] [Fast Refresh] rebuilding @ http://localhost:3456/void--news/_next/static/chunks/node_modules_next_dist_115brz8._.js:2431
[ 9470530ms] [LOG] [Fast Refresh] done in 53ms @ http://localhost:3456/void--news/_next/static/chunks/node_modules_next_dist_115brz8._.js:2431
[11562475ms] [LOG] [Fast Refresh] rebuilding @ http://localhost:3456/void--news/_next/static/chunks/node_modules_next_dist_115brz8._.js:2431
[11562514ms] [LOG] [Fast Refresh] done in 37ms @ http://localhost:3456/void--news/_next/static/chunks/node_modules_next_dist_115brz8._.js:2431
[11569829ms] [LOG] [Fast Refresh] rebuilding @ http://localhost:3456/void--news/_next/static/chunks/node_modules_next_dist_115brz8._.js:2431
[11569857ms] [LOG] [Fast Refresh] done in 72ms @ http://localhost:3456/void--news/_next/static/chunks/node_modules_next_dist_115brz8._.js:2431
[19770494ms] [LOG] [Fast Refresh] rebuilding @ http://localhost:3456/void--news/_next/static/chunks/node_modules_next_dist_115brz8._.js:2431
[19770523ms] [LOG] [Fast Refresh] done in 59ms @ http://localhost:3456/void--news/_next/static/chunks/node_modules_next_dist_115brz8._.js:2431
[19780828ms] [LOG] [Fast Refresh] rebuilding @ http://localhost:3456/void--news/_next/static/chunks/node_modules_next_dist_115brz8._.js:2431
[19780854ms] [LOG] [Fast Refresh] done in 20ms @ http://localhost:3456/void--news/_next/static/chunks/node_modules_next_dist_115brz8._.js:2431
[19787942ms] [LOG] [Fast Refresh] rebuilding @ http://localhost:3456/void--news/_next/static/chunks/node_modules_next_dist_115brz8._.js:2431
[19787968ms] [LOG] [Fast Refresh] done in 23ms @ http://localhost:3456/void--news/_next/static/chunks/node_modules_next_dist_115brz8._.js:2431
[19793239ms] [LOG] [Fast Refresh] rebuilding @ http://localhost:3456/void--news/_next/static/chunks/node_modules_next_dist_115brz8._.js:2431
[19793264ms] [LOG] [Fast Refresh] done in 22ms @ http://localhost:3456/void--news/_next/static/chunks/node_modules_next_dist_115brz8._.js:2431
[19803429ms] [LOG] [Fast Refresh] rebuilding @ http://localhost:3456/void--news/_next/static/chunks/node_modules_next_dist_115brz8._.js:2431
[19803458ms] [LOG] [Fast Refresh] done in 18ms @ http://localhost:3456/void--news/_next/static/chunks/node_modules_next_dist_115brz8._.js:2431
[19805653ms] [LOG] [Fast Refresh] rebuilding @ http://localhost:3456/void--news/_next/static/chunks/node_modules_next_dist_115brz8._.js:2431
[19805682ms] [LOG] [Fast Refresh] done in 13ms @ http://localhost:3456/void--news/_next/static/chunks/node_modules_next_dist_115brz8._.js:2431
[19808092ms] [LOG] [Fast Refresh] rebuilding @ http://localhost:3456/void--news/_next/static/chunks/node_modules_next_dist_115brz8._.js:2431
[19808119ms] [LOG] [Fast Refresh] done in 14ms @ http://localhost:3456/void--news/_next/static/chunks/node_modules_next_dist_115brz8._.js:2431
[19814839ms] [LOG] [Fast Refresh] rebuilding @ http://localhost:3456/void--news/_next/static/chunks/node_modules_next_dist_115brz8._.js:2431
[19814900ms] [LOG] [Fast Refresh] done in 56ms @ http://localhost:3456/void--news/_next/static/chunks/node_modules_next_dist_115brz8._.js:2431
[19819600ms] [LOG] [Fast Refresh] rebuilding @ http://localhost:3456/void--news/_next/static/chunks/node_modules_next_dist_115brz8._.js:2431
[19819639ms] [LOG] [Fast Refresh] done in 49ms @ http://localhost:3456/void--news/_next/static/chunks/node_modules_next_dist_115brz8._.js:2431
[19819655ms] [ERROR] %o

%s ReferenceError: leadImageUrl is not defined
    at HomeContentInner (http://localhost:3456/void--news/_next/static/chunks/app_0li37wo._.js?id=%255Bproject%255D%252Fapp%252Fcomponents%252FHomeContent.tsx+%255Bapp-client%255D+%2528ecmascript%2529:1190:55)
    at Object.react_stack_bottom_frame (http://localhost:3456/void--news/_next/static/chunks/node_modules_next_dist_compiled_react-dom_058-ah~._.js:15037:24)
    at renderWithHooks (http://localhost:3456/void--news/_next/static/chunks/node_modules_next_dist_compiled_react-dom_058-ah~._.js:4620:24)
    at updateFunctionComponent (http://localhost:3456/void--news/_next/static/chunks/node_modules_next_dist_compiled_react-dom_058-ah~._.js:6081:21)
    at beginWork (http://localhost:3456/void--news/_next/static/chunks/node_modules_next_dist_compiled_react-dom_058-ah~._.js:6691:24)
    at runWithFiberInDEV (http://localhost:3456/void--news/_next/static/chunks/node_modules_next_dist_compiled_react-dom_058-ah~._.js:965:74)
    at performUnitOfWork (http://localhost:3456/void--news/_next/static/chunks/node_modules_next_dist_compiled_react-dom_058-ah~._.js:9555:97)
    at workLoopSync (http://localhost:3456/void--news/_next/static/chunks/node_modules_next_dist_compiled_react-dom_058-ah~._.js:9449:40)
    at renderRootSync (http://localhost:3456/void--news/_next/static/chunks/node_modules_next_dist_compiled_react-dom_058-ah~._.js:9433:13)
    at performWorkOnRoot (http://localhost:3456/void--news/_next/static/chunks/node_modules_next_dist_compiled_react-dom_058-ah~._.js:9098:47)
    at performWorkOnRootViaSchedulerTask (http://localhost:3456/void--news/_next/static/chunks/node_modules_next_dist_compiled_react-dom_058-ah~._.js:10255:9)
    at MessagePort.performWorkUntilDeadline (http://localhost:3456/void--news/_next/static/chunks/node_modules_next_dist_compiled_0rpq4pf._.js:2647:64) The above error occurred in the <HomeContentInner> component. It was handled by the <ErrorBoundary> error boundary. @ http://localhost:3456/void--news/_next/static/chunks/node_modules_next_dist_client_0fhqo1d._.js:1998
[19821706ms] [LOG] [Fast Refresh] rebuilding @ http://localhost:3456/void--news/_next/static/chunks/node_modules_next_dist_115brz8._.js:2431
[19821731ms] [LOG] [Fast Refresh] done in 37ms @ http://localhost:3456/void--news/_next/static/chunks/node_modules_next_dist_115brz8._.js:2431
[19821741ms] [ERROR] %o

%s ReferenceError: leadImageUrl is not defined
    at HomeContentInner (http://localhost:3456/void--news/_next/static/chunks/app_0li37wo._.js?id=%255Bproject%255D%252Fapp%252Fcomponents%252FHomeContent.tsx+%255Bapp-client%255D+%2528ecmascript%2529:1189:55)
    at Object.react_stack_bottom_frame (http://localhost:3456/void--news/_next/static/chunks/node_modules_next_dist_compiled_react-dom_058-ah~._.js:15037:24)
    at renderWithHooks (http://localhost:3456/void--news/_next/static/chunks/node_modules_next_dist_compiled_react-dom_058-ah~._.js:4620:24)
    at updateFunctionComponent (http://localhost:3456/void--news/_next/static/chunks/node_modules_next_dist_compiled_react-dom_058-ah~._.js:6081:21)
    at beginWork (http://localhost:3456/void--news/_next/static/chunks/node_modules_next_dist_compiled_react-dom_058-ah~._.js:6691:24)
    at runWithFiberInDEV (http://localhost:3456/void--news/_next/static/chunks/node_modules_next_dist_compiled_react-dom_058-ah~._.js:965:74)
    at performUnitOfWork (http://localhost:3456/void--news/_next/static/chunks/node_modules_next_dist_compiled_react-dom_058-ah~._.js:9555:97)
    at workLoopSync (http://localhost:3456/void--news/_next/static/chunks/node_modules_next_dist_compiled_react-dom_058-ah~._.js:9449:40)
    at renderRootSync (http://localhost:3456/void--news/_next/static/chunks/node_modules_next_dist_compiled_react-dom_058-ah~._.js:9433:13)
    at performWorkOnRoot (http://localhost:3456/void--news/_next/static/chunks/node_modules_next_dist_compiled_react-dom_058-ah~._.js:9098:47)
    at performWorkOnRootViaSchedulerTask (http://localhost:3456/void--news/_next/static/chunks/node_modules_next_dist_compiled_react-dom_058-ah~._.js:10255:9)
    at MessagePort.performWorkUntilDeadline (http://localhost:3456/void--news/_next/static/chunks/node_modules_next_dist_compiled_0rpq4pf._.js:2647:64) The above error occurred in the <HomeContentInner> component. It was handled by the <ErrorBoundary> error boundary. @ http://localhost:3456/void--news/_next/static/chunks/node_modules_next_dist_client_0fhqo1d._.js:1998
[19823531ms] [LOG] [Fast Refresh] rebuilding @ http://localhost:3456/void--news/_next/static/chunks/node_modules_next_dist_115brz8._.js:2431
[19823555ms] [LOG] [Fast Refresh] done in 39ms @ http://localhost:3456/void--news/_next/static/chunks/node_modules_next_dist_115brz8._.js:2431
[19849545ms] [LOG] [Fast Refresh] rebuilding @ http://localhost:3456/void--news/_next/static/chunks/node_modules_next_dist_115brz8._.js:2431
[19849616ms] [LOG] [Fast Refresh] done in 27ms @ http://localhost:3456/void--news/_next/static/chunks/node_modules_next_dist_115brz8._.js:2431
[19872543ms] [LOG] [Fast Refresh] rebuilding @ http://localhost:3456/void--news/_next/static/chunks/node_modules_next_dist_115brz8._.js:2431
[19872592ms] [LOG] [Fast Refresh] done in 71ms @ http://localhost:3456/void--news/_next/static/chunks/node_modules_next_dist_115brz8._.js:2431
[19884045ms] [LOG] [Fast Refresh] rebuilding @ http://localhost:3456/void--news/_next/static/chunks/node_modules_next_dist_115brz8._.js:2431
[19884114ms] [LOG] [Fast Refresh] done in 70ms @ http://localhost:3456/void--news/_next/static/chunks/node_modules_next_dist_115brz8._.js:2431
[19901245ms] [LOG] [Fast Refresh] rebuilding @ http://localhost:3456/void--news/_next/static/chunks/node_modules_next_dist_115brz8._.js:2431
[19901299ms] [LOG] [Fast Refresh] done in 29ms @ http://localhost:3456/void--news/_next/static/chunks/node_modules_next_dist_115brz8._.js:2431
[20446768ms] [LOG] [Fast Refresh] rebuilding @ http://localhost:3456/void--news/_next/static/chunks/node_modules_next_dist_115brz8._.js:2431
[20446808ms] [LOG] [Fast Refresh] done in 41ms @ http://localhost:3456/void--news/_next/static/chunks/node_modules_next_dist_115brz8._.js:2431
[20462815ms] [LOG] [Fast Refresh] rebuilding @ http://localhost:3456/void--news/_next/static/chunks/node_modules_next_dist_115brz8._.js:2431
[20462844ms] [LOG] [Fast Refresh] done in 36ms @ http://localhost:3456/void--news/_next/static/chunks/node_modules_next_dist_115brz8._.js:2431
[21133140ms] [LOG] [Fast Refresh] rebuilding @ http://localhost:3456/void--news/_next/static/chunks/node_modules_next_dist_115brz8._.js:2431
[21133210ms] [LOG] [Fast Refresh] done in 50ms @ http://localhost:3456/void--news/_next/static/chunks/node_modules_next_dist_115brz8._.js:2431
[25761083ms] [LOG] [Fast Refresh] rebuilding @ http://localhost:3456/void--news/_next/static/chunks/node_modules_next_dist_115brz8._.js:2431
[25761121ms] [LOG] [Fast Refresh] done in 57ms @ http://localhost:3456/void--news/_next/static/chunks/node_modules_next_dist_115brz8._.js:2431
[25939392ms] [LOG] [Fast Refresh] rebuilding @ http://localhost:3456/void--news/_next/static/chunks/node_modules_next_dist_115brz8._.js:2431
[25939432ms] [ERROR] %o

%s ReferenceError: AUDIO_ENABLED is not defined
    at HomeContentInner (http://localhost:3456/void--news/_next/static/chunks/app_0li37wo._.js?id=%255Bproject%255D%252Fapp%252Fcomponents%252FHomeContent.tsx+%255Bapp-client%255D+%2528ecmascript%2529:1320:13)
    at Object.react_stack_bottom_frame (http://localhost:3456/void--news/_next/static/chunks/node_modules_next_dist_compiled_react-dom_058-ah~._.js:15037:24)
    at renderWithHooks (http://localhost:3456/void--news/_next/static/chunks/node_modules_next_dist_compiled_react-dom_058-ah~._.js:4620:24)
    at updateFunctionComponent (http://localhost:3456/void--news/_next/static/chunks/node_modules_next_dist_compiled_react-dom_058-ah~._.js:6081:21)
    at beginWork (http://localhost:3456/void--news/_next/static/chunks/node_modules_next_dist_compiled_react-dom_058-ah~._.js:6691:24)
    at runWithFiberInDEV (http://localhost:3456/void--news/_next/static/chunks/node_modules_next_dist_compiled_react-dom_058-ah~._.js:965:74)
    at performUnitOfWork (http://localhost:3456/void--news/_next/static/chunks/node_modules_next_dist_compiled_react-dom_058-ah~._.js:9555:97)
    at workLoopSync (http://localhost:3456/void--news/_next/static/chunks/node_modules_next_dist_compiled_react-dom_058-ah~._.js:9449:40)
    at renderRootSync (http://localhost:3456/void--news/_next/static/chunks/node_modules_next_dist_compiled_react-dom_058-ah~._.js:9433:13)
    at performWorkOnRoot (http://localhost:3456/void--news/_next/static/chunks/node_modules_next_dist_compiled_react-dom_058-ah~._.js:9098:47)
    at performSyncWorkOnRoot (http://localhost:3456/void--news/_next/static/chunks/node_modules_next_dist_compiled_react-dom_058-ah~._.js:10263:9)
    at flushSyncWorkAcrossRoots_impl (http://localhost:3456/void--news/_next/static/chunks/node_modules_next_dist_compiled_react-dom_058-ah~._.js:10179:316)
    at flushSyncWork$1 (http://localhost:3456/void--news/_next/static/chunks/node_modules_next_dist_compiled_react-dom_058-ah~._.js:9230:86)
    at Object.scheduleRefresh (http://localhost:3456/void--news/_next/static/chunks/node_modules_next_dist_compiled_react-dom_058-ah~._.js:299:13)
    at http://localhost:3456/void--news/_next/static/chunks/node_modules_next_dist_compiled_0rpq4pf._.js:391:33
    at Set.forEach (<anonymous>)
    at Object.performReactRefresh (http://localhost:3456/void--news/_next/static/chunks/node_modules_next_dist_compiled_0rpq4pf._.js:384:38)
    at applyUpdate (http://localhost:3456/void--news/_next/static/chunks/node_modules_next_dist_compiled_0rpq4pf._.js:878:31)
    at http://localhost:3456/void--news/_next/static/chunks/node_modules_next_dist_compiled_0rpq4pf._.js:886:13 The above error occurred in the <HomeContentInner> component. It was handled by the <ErrorBoundary> error boundary. @ http://localhost:3456/void--news/_next/static/chunks/node_modules_next_dist_client_0fhqo1d._.js:1998
[25939437ms] [LOG] [Fast Refresh] done in 109ms @ http://localhost:3456/void--news/_next/static/chunks/node_modules_next_dist_115brz8._.js:2431
[25947464ms] [LOG] [Fast Refresh] rebuilding @ http://localhost:3456/void--news/_next/static/chunks/node_modules_next_dist_115brz8._.js:2431
[25947788ms] [LOG] [Fast Refresh] done in 385ms @ http://localhost:3456/void--news/_next/static/chunks/node_modules_next_dist_115brz8._.js:2431
[25948454ms] [ERROR] X-Frame-Options may only be set via an HTTP header sent along with a document. It may not be set inside <meta>. @ http://localhost:3456/void--news/:0
[25948481ms] [WARNING] Manifest: Enctype should be set to either application/x-www-form-urlencoded or multipart/form-data. It currently defaults to application/x-www-form-urlencoded @ http://localhost:3456/void--news/manifest.json:0
[25948519ms] [INFO] %cDownload the React DevTools for a better development experience: https://react.dev/link/react-devtools font-weight:bold @ http://localhost:3456/void--news/_next/static/chunks/node_modules_next_dist_115brz8._.js:2431
[25948559ms] [LOG] [HMR] connected @ http://localhost:3456/void--news/_next/static/chunks/node_modules_next_dist_115brz8._.js:2431
[25948608ms] [WARNING] Error while trying to use the following icon from the Manifest: http://localhost:3456/void--news/icon.svg (Download error or resource isn't a valid image) @ http://localhost:3456/void--news/:0
[25959406ms] [LOG] [Fast Refresh] rebuilding @ http://localhost:3456/void--news/_next/static/chunks/node_modules_next_dist_115brz8._.js:2431
[25959451ms] [LOG] [Fast Refresh] done in 48ms @ http://localhost:3456/void--news/_next/static/chunks/node_modules_next_dist_115brz8._.js:2431
[25962021ms] [LOG] [Fast Refresh] rebuilding @ http://localhost:3456/void--news/_next/static/chunks/node_modules_next_dist_115brz8._.js:2431
[25962288ms] [LOG] [Fast Refresh] done in 362ms @ http://localhost:3456/void--news/_next/static/chunks/node_modules_next_dist_115brz8._.js:2431
[25962548ms] [LOG] [Fast Refresh] rebuilding @ http://localhost:3456/void--news/_next/static/chunks/node_modules_next_dist_115brz8._.js:2431
[25962565ms] [LOG] [Fast Refresh] done in 118ms @ http://localhost:3456/void--news/_next/static/chunks/node_modules_next_dist_115brz8._.js:2431
[25963552ms] [ERROR] X-Frame-Options may only be set via an HTTP header sent along with a document. It may not be set inside <meta>. @ http://localhost:3456/void--news/:0
[25963709ms] [WARNING] Manifest: Enctype should be set to either application/x-www-form-urlencoded or multipart/form-data. It currently defaults to application/x-www-form-urlencoded @ http://localhost:3456/void--news/manifest.json:0
[25963908ms] [INFO] %cDownload the React DevTools for a better development experience: https://react.dev/link/react-devtools font-weight:bold @ http://localhost:3456/void--news/_next/static/chunks/node_modules_next_dist_115brz8._.js:2431
[25963931ms] [LOG] [HMR] connected @ http://localhost:3456/void--news/_next/static/chunks/node_modules_next_dist_115brz8._.js:2431
[25963977ms] [WARNING] Error while trying to use the following icon from the Manifest: http://localhost:3456/void--news/icon.svg (Download error or resource isn't a valid image) @ http://localhost:3456/void--news/:0
[25973763ms] [LOG] [Fast Refresh] rebuilding @ http://localhost:3456/void--news/_next/static/chunks/node_modules_next_dist_115brz8._.js:2431
[25973778ms] [ERROR] %o

%s ReferenceError: AUDIO_ENABLED is not defined
    at Footer (http://localhost:3456/void--news/_next/static/chunks/app_0li37wo._.js?id=%255Bproject%255D%252Fapp%252Fcomponents%252FFooter.tsx+%255Bapp-client%255D+%2528ecmascript%2529:81:25)
    at Object.react_stack_bottom_frame (http://localhost:3456/void--news/_next/static/chunks/node_modules_next_dist_compiled_react-dom_058-ah~._.js:15037:24)
    at renderWithHooks (http://localhost:3456/void--news/_next/static/chunks/node_modules_next_dist_compiled_react-dom_058-ah~._.js:4620:24)
    at updateFunctionComponent (http://localhost:3456/void--news/_next/static/chunks/node_modules_next_dist_compiled_react-dom_058-ah~._.js:6081:21)
    at beginWork (http://localhost:3456/void--news/_next/static/chunks/node_modules_next_dist_compiled_react-dom_058-ah~._.js:6691:24)
    at runWithFiberInDEV (http://localhost:3456/void--news/_next/static/chunks/node_modules_next_dist_compiled_react-dom_058-ah~._.js:965:74)
    at performUnitOfWork (http://localhost:3456/void--news/_next/static/chunks/node_modules_next_dist_compiled_react-dom_058-ah~._.js:9555:97)
    at workLoopSync (http://localhost:3456/void--news/_next/static/chunks/node_modules_next_dist_compiled_react-dom_058-ah~._.js:9449:40)
    at renderRootSync (http://localhost:3456/void--news/_next/static/chunks/node_modules_next_dist_compiled_react-dom_058-ah~._.js:9433:13)
    at performWorkOnRoot (http://localhost:3456/void--news/_next/static/chunks/node_modules_next_dist_compiled_react-dom_058-ah~._.js:9098:47)
    at performSyncWorkOnRoot (http://localhost:3456/void--news/_next/static/chunks/node_modules_next_dist_compiled_react-dom_058-ah~._.js:10263:9)
    at flushSyncWorkAcrossRoots_impl (http://localhost:3456/void--news/_next/static/chunks/node_modules_next_dist_compiled_react-dom_058-ah~._.js:10179:316)
    at flushSyncWork$1 (http://localhost:3456/void--news/_next/static/chunks/node_modules_next_dist_compiled_react-dom_058-ah~._.js:9230:86)
    at Object.scheduleRefresh (http://localhost:3456/void--news/_next/static/chunks/node_modules_next_dist_compiled_react-dom_058-ah~._.js:299:13)
    at http://localhost:3456/void--news/_next/static/chunks/node_modules_next_dist_compiled_0rpq4pf._.js:391:33
    at Set.forEach (<anonymous>)
    at Object.performReactRefresh (http://localhost:3456/void--news/_next/static/chunks/node_modules_next_dist_compiled_0rpq4pf._.js:384:38)
    at applyUpdate (http://localhost:3456/void--news/_next/static/chunks/node_modules_next_dist_compiled_0rpq4pf._.js:878:31)
    at http://localhost:3456/void--news/_next/static/chunks/node_modules_next_dist_compiled_0rpq4pf._.js:886:13 The above error occurred in the <Footer> component. It was handled by the <ErrorBoundary> error boundary. @ http://localhost:3456/void--news/_next/static/chunks/node_modules_next_dist_client_0fhqo1d._.js:1998
[25973791ms] [LOG] [Fast Refresh] done in 35ms @ http://localhost:3456/void--news/_next/static/chunks/node_modules_next_dist_115brz8._.js:2431
[25982172ms] [LOG] [Fast Refresh] rebuilding @ http://localhost:3456/void--news/_next/static/chunks/node_modules_next_dist_115brz8._.js:2431
[25982213ms] [LOG] [Fast Refresh] done in 30ms @ http://localhost:3456/void--news/_next/static/chunks/node_modules_next_dist_115brz8._.js:2431
[26003815ms] [LOG] [Fast Refresh] rebuilding @ http://localhost:3456/void--news/_next/static/chunks/node_modules_next_dist_115brz8._.js:2431
[26003837ms] [LOG] [Fast Refresh] done in 26ms @ http://localhost:3456/void--news/_next/static/chunks/node_modules_next_dist_115brz8._.js:2431
[26006379ms] [LOG] [Fast Refresh] rebuilding @ http://localhost:3456/void--news/_next/static/chunks/node_modules_next_dist_115brz8._.js:2431
[26006400ms] [LOG] [Fast Refresh] done in 30ms @ http://localhost:3456/void--news/_next/static/chunks/node_modules_next_dist_115brz8._.js:2431
[26015134ms] [LOG] [Fast Refresh] rebuilding @ http://localhost:3456/void--news/_next/static/chunks/node_modules_next_dist_115brz8._.js:2431
[26015160ms] [LOG] [Fast Refresh] done in 37ms @ http://localhost:3456/void--news/_next/static/chunks/node_modules_next_dist_115brz8._.js:2431
[26039905ms] [LOG] [Fast Refresh] rebuilding @ http://localhost:3456/void--news/_next/static/chunks/node_modules_next_dist_115brz8._.js:2431
[26039908ms] [WARNING] [Fast Refresh] performing full reload

Fast Refresh will perform a full reload when you edit a file that's imported by modules outside of the React rendering tree.
You might have a file which exports a React component but also exports a value that is imported by a non-React component file.
Consider migrating the non-React component export to a separate file and importing it into both files.

It is also possible the parent component of the component you edited is a class component, which disables Fast Refresh.
Fast Refresh requires at least one parent function component in your React tree. @ http://localhost:3456/void--news/_next/static/chunks/node_modules_next_dist_115brz8._.js:2431
[26040389ms] [LOG] [Fast Refresh] done in 37ms @ http://localhost:3456/void--news/_next/static/chunks/node_modules_next_dist_115brz8._.js:2431
[26040490ms] [LOG] [Fast Refresh] rebuilding @ http://localhost:3456/void--news/_next/static/chunks/node_modules_next_dist_115brz8._.js:2431
[26040678ms] [LOG] [Fast Refresh] done in 289ms @ http://localhost:3456/void--news/_next/static/chunks/node_modules_next_dist_115brz8._.js:2431
[26040800ms] [LOG] [Fast Refresh] rebuilding @ http://localhost:3456/void--news/_next/static/chunks/node_modules_next_dist_115brz8._.js:2431
[26041026ms] [LOG] [Fast Refresh] done in 325ms @ http://localhost:3456/void--news/_next/static/chunks/node_modules_next_dist_115brz8._.js:2431
[26041041ms] [ERROR] Failed to load resource: the server responded with a status of 500 (Internal Server Error) @ http://localhost:3456/void--news/:0
[26041084ms] [WARNING] Manifest: Enctype should be set to either application/x-www-form-urlencoded or multipart/form-data. It currently defaults to application/x-www-form-urlencoded @ http://localhost:3456/void--news/manifest.json:0
[26041102ms] [INFO] %cDownload the React DevTools for a better development experience: https://react.dev/link/react-devtools font-weight:bold @ http://localhost:3456/void--news/_next/static/chunks/node_modules_next_dist_115brz8._.js:2431
[26041136ms] [LOG] [HMR] connected @ http://localhost:3456/void--news/_next/static/chunks/node_modules_next_dist_115brz8._.js:2431
[26041165ms] [ERROR] Encountered a script tag while rendering React component. Scripts inside React components are never executed when rendering on the client. Consider using template tag instead (https://developer.mozilla.org/en-US/docs/Web/HTML/Element/template). @ http://localhost:3456/void--news/_next/static/chunks/node_modules_next_dist_115brz8._.js:3272
[26041220ms] [WARNING] Error while trying to use the following icon from the Manifest: http://localhost:3456/void--news/icon.svg (Download error or resource isn't a valid image) @ http://localhost:3456/void--news/:0
[26041262ms] ReferenceError: AUDIO_ENABLED is not defined
    at module evaluation (http://localhost:3456/void--news/_next/static/chunks/app_0yabwj5._.js:1430:8)
    at http://localhost:3456/void--news/_next/static/chunks/turbopack-_0p4v840._.js:1307:27
    at runModuleExecutionHooks (http://localhost:3456/void--news/_next/static/chunks/turbopack-_0p4v840._.js:1636:13)
    at instantiateModuleShared (http://localhost:3456/void--news/_next/static/chunks/turbopack-_0p4v840._.js:1305:9)
    at instantiateModule (http://localhost:3456/void--news/_next/static/chunks/turbopack-_0p4v840._.js:1621:12)
    at getOrInstantiateModuleFromParent (http://localhost:3456/void--news/_next/static/chunks/turbopack-_0p4v840._.js:1604:12)
    at DevContext.esmImport [as i] (http://localhost:3456/void--news/_next/static/chunks/turbopack-_0p4v840._.js:278:20)
    at module evaluation (http://localhost:3456/void--news/_next/static/chunks/app_0yabwj5._.js:2284:163)
    at http://localhost:3456/void--news/_next/static/chunks/turbopack-_0p4v840._.js:1307:27
    at runModuleExecutionHooks (http://localhost:3456/void--news/_next/static/chunks/turbopack-_0p4v840._.js:1636:13)
    at instantiateModuleShared (http://localhost:3456/void--news/_next/static/chunks/turbopack-_0p4v840._.js:1305:9)
    at instantiateModule (http://localhost:3456/void--news/_next/static/chunks/turbopack-_0p4v840._.js:1621:12)
    at getOrInstantiateModuleFromParent (http://localhost:3456/void--news/_next/static/chunks/turbopack-_0p4v840._.js:1604:12)
    at DevContext.commonJsRequire [as r] (http://localhost:3456/void--news/_next/static/chunks/turbopack-_0p4v840._.js:299:12)
    at requireModule (http://localhost:3456/void--news/_next/static/chunks/node_modules_next_dist_compiled_react-server-dom-turbopack_0p3wegg._.js:95:84)
    at initializeModuleChunk (http://localhost:3456/void--news/_next/static/chunks/node_modules_next_dist_compiled_react-server-dom-turbopack_0p3wegg._.js:1110:25)
    at readChunk (http://localhost:3456/void--news/_next/static/chunks/node_modules_next_dist_compiled_react-server-dom-turbopack_0p3wegg._.js:846:17)
    at Object.react_stack_bottom_frame (http://localhost:3456/void--news/_next/static/chunks/node_modules_next_dist_compiled_react-dom_058-ah~._.js:15101:20)
    at resolveLazy (http://localhost:3456/void--news/_next/static/chunks/node_modules_next_dist_compiled_react-dom_058-ah~._.js:3866:20)
    at beginWork (http://localhost:3456/void--news/_next/static/chunks/node_modules_next_dist_compiled_react-dom_058-ah~._.js:6665:77)
    at runWithFiberInDEV (http://localhost:3456/void--news/_next/static/chunks/node_modules_next_dist_compiled_react-dom_058-ah~._.js:965:74)
    at performUnitOfWork (http://localhost:3456/void--news/_next/static/chunks/node_modules_next_dist_compiled_react-dom_058-ah~._.js:9555:97)
    at workLoopConcurrentByScheduler (http://localhost:3456/void--news/_next/static/chunks/node_modules_next_dist_compiled_react-dom_058-ah~._.js:9551:58)
    at renderRootConcurrent (http://localhost:3456/void--news/_next/static/chunks/node_modules_next_dist_compiled_react-dom_058-ah~._.js:9534:71)
    at performWorkOnRoot (http://localhost:3456/void--news/_next/static/chunks/node_modules_next_dist_compiled_react-dom_058-ah~._.js:9061:150)
    at performWorkOnRootViaSchedulerTask (http://localhost:3456/void--news/_next/static/chunks/node_modules_next_dist_compiled_react-dom_058-ah~._.js:10255:9)
    at MessagePort.performWorkUntilDeadline (http://localhost:3456/void--news/_next/static/chunks/node_modules_next_dist_compiled_0rpq4pf._.js:2647:64)
[26041314ms] [ERROR] Failed to load resource: the server responded with a status of 404 (Not Found) @ http://localhost:3456/favicon.ico:0
[26048388ms] [LOG] [Fast Refresh] rebuilding @ http://localhost:3456/void--news/_next/static/chunks/node_modules_next_dist_115brz8._.js:2431
[26048441ms] [WARNING] [Fast Refresh] performing full reload

Fast Refresh will perform a full reload when you edit a file that's imported by modules outside of the React rendering tree.
You might have a file which exports a React component but also exports a value that is imported by a non-React component file.
Consider migrating the non-React component export to a separate file and importing it into both files.

It is also possible the parent component of the component you edited is a class component, which disables Fast Refresh.
Fast Refresh requires at least one parent function component in your React tree. @ http://localhost:3456/void--news/_next/static/chunks/node_modules_next_dist_115brz8._.js:2431
[26048444ms] [WARNING] [Fast Refresh] performing full reload because your application had an unrecoverable error @ http://localhost:3456/void--news/_next/static/chunks/node_modules_next_dist_115brz8._.js:2431
[26049607ms] [ERROR] X-Frame-Options may only be set via an HTTP header sent along with a document. It may not be set inside <meta>. @ http://localhost:3456/void--news/:0
[26049655ms] [WARNING] Manifest: Enctype should be set to either application/x-www-form-urlencoded or multipart/form-data. It currently defaults to application/x-www-form-urlencoded @ http://localhost:3456/void--news/manifest.json:0
[26049726ms] [INFO] %cDownload the React DevTools for a better development experience: https://react.dev/link/react-devtools font-weight:bold @ http://localhost:3456/void--news/_next/static/chunks/node_modules_next_dist_115brz8._.js:2431
[26049786ms] [LOG] [HMR] connected @ http://localhost:3456/void--news/_next/static/chunks/node_modules_next_dist_115brz8._.js:2431
[26049886ms] [WARNING] Error while trying to use the following icon from the Manifest: http://localhost:3456/void--news/icon.svg (Download error or resource isn't a valid image) @ http://localhost:3456/void--news/:0
[26069238ms] [LOG] [Fast Refresh] rebuilding @ http://localhost:3456/void--news/_next/static/chunks/node_modules_next_dist_115brz8._.js:2431
[26196608ms] [LOG] [Fast Refresh] done in 127471ms @ http://localhost:3456/void--news/_next/static/chunks/node_modules_next_dist_115brz8._.js:2431
[26196712ms] [LOG] [Fast Refresh] rebuilding @ http://localhost:3456/void--news/_next/static/chunks/node_modules_next_dist_115brz8._.js:2431
[27288372ms] [ERROR] WebSocket connection to 'ws://localhost:3456/void--news/_next/webpack-hmr?id=fME_XMJA2GStu-VvR7M53' failed: Error in connection establishment: net::ERR_CONNECTION_REFUSED @ http://localhost:3456/void--news/_next/static/chunks/node_modules_next_dist_client_0fhqo1d._.js:13307
[27289374ms] [ERROR] WebSocket connection to 'ws://localhost:3456/void--news/_next/webpack-hmr?id=fME_XMJA2GStu-VvR7M53' failed: Error in connection establishment: net::ERR_CONNECTION_REFUSED @ http://localhost:3456/void--news/_next/static/chunks/node_modules_next_dist_client_0fhqo1d._.js:13307
[27290377ms] [ERROR] WebSocket connection to 'ws://localhost:3456/void--news/_next/webpack-hmr?id=fME_XMJA2GStu-VvR7M53' failed: Error in connection establishment: net::ERR_CONNECTION_REFUSED @ http://localhost:3456/void--news/_next/static/chunks/node_modules_next_dist_client_0fhqo1d._.js:13307
[27291379ms] [ERROR] WebSocket connection to 'ws://localhost:3456/void--news/_next/webpack-hmr?id=fME_XMJA2GStu-VvR7M53' failed: Error in connection establishment: net::ERR_CONNECTION_REFUSED @ http://localhost:3456/void--news/_next/static/chunks/node_modules_next_dist_client_0fhqo1d._.js:13307
[27292382ms] [ERROR] WebSocket connection to 'ws://localhost:3456/void--news/_next/webpack-hmr?id=fME_XMJA2GStu-VvR7M53' failed: Error in connection establishment: net::ERR_CONNECTION_REFUSED @ http://localhost:3456/void--news/_next/static/chunks/node_modules_next_dist_client_0fhqo1d._.js:13307
[27297387ms] [ERROR] WebSocket connection to 'ws://localhost:3456/void--news/_next/webpack-hmr?id=fME_XMJA2GStu-VvR7M53' failed: Error in connection establishment: net::ERR_CONNECTION_REFUSED @ http://localhost:3456/void--news/_next/static/chunks/node_modules_next_dist_client_0fhqo1d._.js:13307
[27302399ms] [ERROR] WebSocket connection to 'ws://localhost:3456/void--news/_next/webpack-hmr?id=fME_XMJA2GStu-VvR7M53' failed: Error in connection establishment: net::ERR_CONNECTION_REFUSED @ http://localhost:3456/void--news/_next/static/chunks/node_modules_next_dist_client_0fhqo1d._.js:13307
[27307417ms] [ERROR] WebSocket connection to 'ws://localhost:3456/void--news/_next/webpack-hmr?id=fME_XMJA2GStu-VvR7M53' failed: Error in connection establishment: net::ERR_CONNECTION_REFUSED @ http://localhost:3456/void--news/_next/static/chunks/node_modules_next_dist_client_0fhqo1d._.js:13307
[27312441ms] [ERROR] WebSocket connection to 'ws://localhost:3456/void--news/_next/webpack-hmr?id=fME_XMJA2GStu-VvR7M53' failed: Error in connection establishment: net::ERR_CONNECTION_REFUSED @ http://localhost:3456/void--news/_next/static/chunks/node_modules_next_dist_client_0fhqo1d._.js:13307
[27317489ms] [ERROR] WebSocket connection to 'ws://localhost:3456/void--news/_next/webpack-hmr?id=fME_XMJA2GStu-VvR7M53' failed: Error in connection establishment: net::ERR_CONNECTION_REFUSED @ http://localhost:3456/void--news/_next/static/chunks/node_modules_next_dist_client_0fhqo1d._.js:13307
[27322614ms] [ERROR] WebSocket connection to 'ws://localhost:3456/void--news/_next/webpack-hmr?id=fME_XMJA2GStu-VvR7M53' failed: Error in connection establishment: net::ERR_CONNECTION_REFUSED @ http://localhost:3456/void--news/_next/static/chunks/node_modules_next_dist_client_0fhqo1d._.js:13307
[27327742ms] [ERROR] WebSocket connection to 'ws://localhost:3456/void--news/_next/webpack-hmr?id=fME_XMJA2GStu-VvR7M53' failed: Error in connection establishment: net::ERR_CONNECTION_REFUSED @ http://localhost:3456/void--news/_next/static/chunks/node_modules_next_dist_client_0fhqo1d._.js:13307
[27327838ms] [ERROR] The Content Security Policy directive 'frame-ancestors' is ignored when delivered via a <meta> element. @ http://localhost:3456/void--news/:0
[27327842ms] [ERROR] Failed to load resource: the server responded with a status of 503 () @ http://localhost:3456/void--news/_next/static/chunks/%5Broot-of-the-server%5D__01n.c1l._.css:0
[27327844ms] [ERROR] Failed to load resource: the server responded with a status of 503 () @ http://localhost:3456/void--news/_next/static/chunks/%5Bturbopack%5D_browser_dev_hmr-client_hmr-client_ts_10z625~._.js:0
[27327845ms] [WARNING] Manifest: Enctype should be set to either application/x-www-form-urlencoded or multipart/form-data. It currently defaults to application/x-www-form-urlencoded @ http://localhost:3456/void--news/manifest.json:0
[27327859ms] [ERROR] Failed to load resource: the server responded with a status of 503 () @ http://localhost:3456/void--news/_next/static/chunks/node_modules_next_dist_compiled_next-devtools_index_0553esy.js:0
[27327859ms] [ERROR] Failed to load resource: the server responded with a status of 503 () @ http://localhost:3456/void--news/_next/static/chunks/node_modules_next_dist_compiled_react-dom_058-ah~._.js:0
[27327860ms] [ERROR] Failed to load resource: the server responded with a status of 503 () @ http://localhost:3456/void--news/_next/static/chunks/node_modules_next_dist_compiled_react-server-dom-turbopack_0p3wegg._.js:0
[27327860ms] [ERROR] Failed to load resource: the server responded with a status of 503 () @ http://localhost:3456/void--news/_next/static/chunks/node_modules_next_dist_compiled_0rpq4pf._.js:0
[27327860ms] [ERROR] Failed to load resource: the server responded with a status of 503 () @ http://localhost:3456/void--news/_next/static/chunks/node_modules_next_dist_client_0fhqo1d._.js:0
[27327860ms] [ERROR] Failed to load resource: the server responded with a status of 503 () @ http://localhost:3456/void--news/_next/static/chunks/node_modules_next_dist_115brz8._.js:0
[27327860ms] [ERROR] Failed to load resource: the server responded with a status of 503 () @ http://localhost:3456/void--news/_next/static/chunks/node_modules_%40swc_helpers_cjs_0-4ujiy._.js:0
[27327860ms] [ERROR] Failed to load resource: the server responded with a status of 503 () @ http://localhost:3456/void--news/_next/static/chunks/_0rqeker._.js:0
[27327860ms] [ERROR] Failed to load resource: the server responded with a status of 503 () @ http://localhost:3456/void--news/_next/static/chunks/turbopack-_0p4v840._.js:0
[27327860ms] [ERROR] Failed to load resource: the server responded with a status of 503 () @ http://localhost:3456/void--news/_next/static/chunks/app_components_MobileSidePanel_tsx_0ot95y0._.js:0
[27327861ms] [ERROR] Failed to load resource: the server responded with a status of 503 () @ http://localhost:3456/void--news/_next/static/chunks/node_modules_0uxvuqm._.js:0
[27327862ms] [ERROR] Failed to load resource: the server responded with a status of 503 () @ http://localhost:3456/void--news/_next/static/chunks/app_0f0i4xc._.js:0
[27327862ms] [ERROR] Failed to load resource: the server responded with a status of 503 () @ http://localhost:3456/void--news/_next/static/chunks/app_layout_tsx_004glpo._.js:0
[27327863ms] [ERROR] Failed to load resource: the server responded with a status of 503 () @ http://localhost:3456/void--news/_next/static/chunks/app_0li37wo._.js:0
[27327864ms] [ERROR] Failed to load resource: the server responded with a status of 503 () @ http://localhost:3456/void--news/_next/static/chunks/app_components_0dd27pf._.js:0
[27327864ms] [ERROR] Failed to load resource: the server responded with a status of 503 () @ http://localhost:3456/void--news/_next/static/chunks/node_modules_%40phosphor-icons_react_dist_0l66w0z._.js:0
[27327865ms] [ERROR] Failed to load resource: the server responded with a status of 503 () @ http://localhost:3456/void--news/_next/static/chunks/app_page_tsx_0hj~-6v._.js:0
[27327865ms] [ERROR] Failed to load resource: the server responded with a status of 503 () @ http://localhost:3456/void--news/_next/static/chunks/node_modules_next_dist_client_components_builtin_global-error_0hj~-6v.js:0
[27327877ms] [WARNING] Error while trying to use the following icon from the Manifest: http://localhost:3456/void--news/icon.svg (Download error or resource isn't a valid image) @ http://localhost:3456/void--news/:0
[27327882ms] [ERROR] Failed to load resource: net::ERR_FAILED @ http://localhost:3456/void--news/favicon.ico:0
[28477498ms] [ERROR] The Content Security Policy directive 'frame-ancestors' is ignored when delivered via a <meta> element. @ http://localhost:3456/void--news/:0
[28477500ms] [ERROR] Failed to load resource: the server responded with a status of 503 () @ http://localhost:3456/void--news/_next/static/chunks/%5Broot-of-the-server%5D__01n.c1l._.css:0
[28477501ms] [ERROR] Failed to load resource: the server responded with a status of 503 () @ http://localhost:3456/void--news/_next/static/chunks/%5Bturbopack%5D_browser_dev_hmr-client_hmr-client_ts_10z625~._.js:0
[28477508ms] [ERROR] Failed to load resource: the server responded with a status of 503 () @ http://localhost:3456/void--news/_next/static/chunks/node_modules_next_dist_compiled_next-devtools_index_0553esy.js:0
[28477508ms] [ERROR] Failed to load resource: the server responded with a status of 503 () @ http://localhost:3456/void--news/_next/static/chunks/node_modules_next_dist_compiled_react-dom_058-ah~._.js:0
[28477508ms] [ERROR] Failed to load resource: the server responded with a status of 503 () @ http://localhost:3456/void--news/_next/static/chunks/node_modules_next_dist_compiled_react-server-dom-turbopack_0p3wegg._.js:0
[28477508ms] [ERROR] Failed to load resource: the server responded with a status of 503 () @ http://localhost:3456/void--news/_next/static/chunks/node_modules_next_dist_compiled_0rpq4pf._.js:0
[28477509ms] [ERROR] Failed to load resource: the server responded with a status of 503 () @ http://localhost:3456/void--news/_next/static/chunks/node_modules_next_dist_client_0fhqo1d._.js:0
[28477511ms] [WARNING] Manifest: Enctype should be set to either application/x-www-form-urlencoded or multipart/form-data. It currently defaults to application/x-www-form-urlencoded @ http://localhost:3456/void--news/manifest.json:0
[28477511ms] [ERROR] Failed to load resource: the server responded with a status of 503 () @ http://localhost:3456/void--news/_next/static/chunks/node_modules_next_dist_115brz8._.js:0
[28477512ms] [ERROR] Failed to load resource: the server responded with a status of 503 () @ http://localhost:3456/void--news/_next/static/chunks/node_modules_%40swc_helpers_cjs_0-4ujiy._.js:0
[28477513ms] [ERROR] Failed to load resource: the server responded with a status of 503 () @ http://localhost:3456/void--news/_next/static/chunks/_0rqeker._.js:0
[28477513ms] [ERROR] Failed to load resource: the server responded with a status of 503 () @ http://localhost:3456/void--news/_next/static/chunks/turbopack-_0p4v840._.js:0
[28477514ms] [ERROR] Failed to load resource: the server responded with a status of 503 () @ http://localhost:3456/void--news/_next/static/chunks/app_components_MobileSidePanel_tsx_0ot95y0._.js:0
[28477514ms] [ERROR] Failed to load resource: the server responded with a status of 503 () @ http://localhost:3456/void--news/_next/static/chunks/node_modules_0uxvuqm._.js:0
[28477515ms] [ERROR] Failed to load resource: the server responded with a status of 503 () @ http://localhost:3456/void--news/_next/static/chunks/app_0f0i4xc._.js:0
[28477516ms] [ERROR] Failed to load resource: the server responded with a status of 503 () @ http://localhost:3456/void--news/_next/static/chunks/app_layout_tsx_004glpo._.js:0
[28477516ms] [ERROR] Failed to load resource: the server responded with a status of 503 () @ http://localhost:3456/void--news/_next/static/chunks/app_components_0dd27pf._.js:0
[28477517ms] [ERROR] Failed to load resource: the server responded with a status of 503 () @ http://localhost:3456/void--news/_next/static/chunks/app_0li37wo._.js:0
[28477517ms] [ERROR] Failed to load resource: the server responded with a status of 503 () @ http://localhost:3456/void--news/_next/static/chunks/node_modules_%40phosphor-icons_react_dist_0l66w0z._.js:0
[28477518ms] [ERROR] Failed to load resource: the server responded with a status of 503 () @ http://localhost:3456/void--news/_next/static/chunks/app_page_tsx_0hj~-6v._.js:0
[28477519ms] [ERROR] Failed to load resource: the server responded with a status of 503 () @ http://localhost:3456/void--news/_next/static/chunks/node_modules_next_dist_client_components_builtin_global-error_0hj~-6v.js:0
[28477527ms] [WARNING] Error while trying to use the following icon from the Manifest: http://localhost:3456/void--news/icon.svg (Download error or resource isn't a valid image) @ http://localhost:3456/void--news/:0
[28477529ms] [ERROR] Failed to load resource: net::ERR_FAILED @ http://localhost:3456/void--news/favicon.ico:0
